C:\Users\khyeh\Desktop\Network Programming\Project3\resource\NP_hw3\Debug\cl.command.1.tlog
C:\Users\khyeh\Desktop\Network Programming\Project3\resource\NP_hw3\Debug\CL.read.1.tlog
C:\Users\khyeh\Desktop\Network Programming\Project3\resource\NP_hw3\Debug\CL.write.1.tlog
C:\Users\khyeh\Desktop\Network Programming\Project3\resource\NP_hw3\Debug\link.1224.read.1.tlog
C:\Users\khyeh\Desktop\Network Programming\Project3\resource\NP_hw3\Debug\link.1224.write.1.tlog
C:\Users\khyeh\Desktop\Network Programming\Project3\resource\NP_hw3\Debug\link.1224-cvtres.read.1.tlog
C:\Users\khyeh\Desktop\Network Programming\Project3\resource\NP_hw3\Debug\link.1224-cvtres.write.1.tlog
C:\Users\khyeh\Desktop\Network Programming\Project3\resource\NP_hw3\Debug\link.1232.read.1.tlog
C:\Users\khyeh\Desktop\Network Programming\Project3\resource\NP_hw3\Debug\link.1232.write.1.tlog
C:\Users\khyeh\Desktop\Network Programming\Project3\resource\NP_hw3\Debug\link.1232-cvtres.read.1.tlog
C:\Users\khyeh\Desktop\Network Programming\Project3\resource\NP_hw3\Debug\link.1232-cvtres.write.1.tlog
C:\Users\khyeh\Desktop\Network Programming\Project3\resource\NP_hw3\Debug\link.1468.read.1.tlog
C:\Users\khyeh\Desktop\Network Programming\Project3\resource\NP_hw3\Debug\link.1468.write.1.tlog
C:\Users\khyeh\Desktop\Network Programming\Project3\resource\NP_hw3\Debug\link.1468-cvtres.read.1.tlog
C:\Users\khyeh\Desktop\Network Programming\Project3\resource\NP_hw3\Debug\link.1468-cvtres.write.1.tlog
C:\Users\khyeh\Desktop\Network Programming\Project3\resource\NP_hw3\Debug\link.1616.read.1.tlog
C:\Users\khyeh\Desktop\Network Programming\Project3\resource\NP_hw3\Debug\link.1616.write.1.tlog
C:\Users\khyeh\Desktop\Network Programming\Project3\resource\NP_hw3\Debug\link.1616-cvtres.read.1.tlog
C:\Users\khyeh\Desktop\Network Programming\Project3\resource\NP_hw3\Debug\link.1616-cvtres.write.1.tlog
C:\Users\khyeh\Desktop\Network Programming\Project3\resource\NP_hw3\Debug\link.2492.read.1.tlog
C:\Users\khyeh\Desktop\Network Programming\Project3\resource\NP_hw3\Debug\link.2492.write.1.tlog
C:\Users\khyeh\Desktop\Network Programming\Project3\resource\NP_hw3\Debug\link.2492-cvtres.read.1.tlog
C:\Users\khyeh\Desktop\Network Programming\Project3\resource\NP_hw3\Debug\link.2492-cvtres.write.1.tlog
C:\Users\khyeh\Desktop\Network Programming\Project3\resource\NP_hw3\Debug\link.2628.read.1.tlog
C:\Users\khyeh\Desktop\Network Programming\Project3\resource\NP_hw3\Debug\link.2628.write.1.tlog
C:\Users\khyeh\Desktop\Network Programming\Project3\resource\NP_hw3\Debug\link.2628-cvtres.read.1.tlog
C:\Users\khyeh\Desktop\Network Programming\Project3\resource\NP_hw3\Debug\link.2628-cvtres.write.1.tlog
C:\Users\khyeh\Desktop\Network Programming\Project3\resource\NP_hw3\Debug\link.2704.read.1.tlog
C:\Users\khyeh\Desktop\Network Programming\Project3\resource\NP_hw3\Debug\link.2704.write.1.tlog
C:\Users\khyeh\Desktop\Network Programming\Project3\resource\NP_hw3\Debug\link.2704-cvtres.read.1.tlog
C:\Users\khyeh\Desktop\Network Programming\Project3\resource\NP_hw3\Debug\link.2704-cvtres.write.1.tlog
C:\Users\khyeh\Desktop\Network Programming\Project3\resource\NP_hw3\Debug\link.3160.read.1.tlog
C:\Users\khyeh\Desktop\Network Programming\Project3\resource\NP_hw3\Debug\link.3160.write.1.tlog
C:\Users\khyeh\Desktop\Network Programming\Project3\resource\NP_hw3\Debug\link.3160-cvtres.read.1.tlog
C:\Users\khyeh\Desktop\Network Programming\Project3\resource\NP_hw3\Debug\link.3160-cvtres.write.1.tlog
C:\Users\khyeh\Desktop\Network Programming\Project3\resource\NP_hw3\Debug\link.3348.read.1.tlog
C:\Users\khyeh\Desktop\Network Programming\Project3\resource\NP_hw3\Debug\link.3348.write.1.tlog
C:\Users\khyeh\Desktop\Network Programming\Project3\resource\NP_hw3\Debug\link.3348-cvtres.read.1.tlog
C:\Users\khyeh\Desktop\Network Programming\Project3\resource\NP_hw3\Debug\link.3348-cvtres.write.1.tlog
C:\Users\khyeh\Desktop\Network Programming\Project3\resource\NP_hw3\Debug\link.336.read.1.tlog
C:\Users\khyeh\Desktop\Network Programming\Project3\resource\NP_hw3\Debug\link.336.write.1.tlog
C:\Users\khyeh\Desktop\Network Programming\Project3\resource\NP_hw3\Debug\link.336-cvtres.read.1.tlog
C:\Users\khyeh\Desktop\Network Programming\Project3\resource\NP_hw3\Debug\link.336-cvtres.write.1.tlog
C:\Users\khyeh\Desktop\Network Programming\Project3\resource\NP_hw3\Debug\link.3436.read.1.tlog
C:\Users\khyeh\Desktop\Network Programming\Project3\resource\NP_hw3\Debug\link.3436.write.1.tlog
C:\Users\khyeh\Desktop\Network Programming\Project3\resource\NP_hw3\Debug\link.3436-cvtres.read.1.tlog
C:\Users\khyeh\Desktop\Network Programming\Project3\resource\NP_hw3\Debug\link.3436-cvtres.write.1.tlog
C:\Users\khyeh\Desktop\Network Programming\Project3\resource\NP_hw3\Debug\link.3456.read.1.tlog
C:\Users\khyeh\Desktop\Network Programming\Project3\resource\NP_hw3\Debug\link.3456.write.1.tlog
C:\Users\khyeh\Desktop\Network Programming\Project3\resource\NP_hw3\Debug\link.3456-cvtres.read.1.tlog
C:\Users\khyeh\Desktop\Network Programming\Project3\resource\NP_hw3\Debug\link.3456-cvtres.write.1.tlog
C:\Users\khyeh\Desktop\Network Programming\Project3\resource\NP_hw3\Debug\link.3476.read.1.tlog
C:\Users\khyeh\Desktop\Network Programming\Project3\resource\NP_hw3\Debug\link.3476.write.1.tlog
C:\Users\khyeh\Desktop\Network Programming\Project3\resource\NP_hw3\Debug\link.3476-cvtres.read.1.tlog
C:\Users\khyeh\Desktop\Network Programming\Project3\resource\NP_hw3\Debug\link.3476-cvtres.write.1.tlog
C:\Users\khyeh\Desktop\Network Programming\Project3\resource\NP_hw3\Debug\link.3508.read.1.tlog
C:\Users\khyeh\Desktop\Network Programming\Project3\resource\NP_hw3\Debug\link.3508.write.1.tlog
C:\Users\khyeh\Desktop\Network Programming\Project3\resource\NP_hw3\Debug\link.3508-cvtres.read.1.tlog
C:\Users\khyeh\Desktop\Network Programming\Project3\resource\NP_hw3\Debug\link.3508-cvtres.write.1.tlog
C:\Users\khyeh\Desktop\Network Programming\Project3\resource\NP_hw3\Debug\link.3532.read.1.tlog
C:\Users\khyeh\Desktop\Network Programming\Project3\resource\NP_hw3\Debug\link.3532.write.1.tlog
C:\Users\khyeh\Desktop\Network Programming\Project3\resource\NP_hw3\Debug\link.3532-cvtres.read.1.tlog
C:\Users\khyeh\Desktop\Network Programming\Project3\resource\NP_hw3\Debug\link.3532-cvtres.write.1.tlog
C:\Users\khyeh\Desktop\Network Programming\Project3\resource\NP_hw3\Debug\link.3768.read.1.tlog
C:\Users\khyeh\Desktop\Network Programming\Project3\resource\NP_hw3\Debug\link.3768.write.1.tlog
C:\Users\khyeh\Desktop\Network Programming\Project3\resource\NP_hw3\Debug\link.3768-cvtres.read.1.tlog
C:\Users\khyeh\Desktop\Network Programming\Project3\resource\NP_hw3\Debug\link.3768-cvtres.write.1.tlog
C:\Users\khyeh\Desktop\Network Programming\Project3\resource\NP_hw3\Debug\link.3804.read.1.tlog
C:\Users\khyeh\Desktop\Network Programming\Project3\resource\NP_hw3\Debug\link.3804.write.1.tlog
C:\Users\khyeh\Desktop\Network Programming\Project3\resource\NP_hw3\Debug\link.3804-cvtres.read.1.tlog
C:\Users\khyeh\Desktop\Network Programming\Project3\resource\NP_hw3\Debug\link.3804-cvtres.write.1.tlog
C:\Users\khyeh\Desktop\Network Programming\Project3\resource\NP_hw3\Debug\link.3932.read.1.tlog
C:\Users\khyeh\Desktop\Network Programming\Project3\resource\NP_hw3\Debug\link.3932.write.1.tlog
C:\Users\khyeh\Desktop\Network Programming\Project3\resource\NP_hw3\Debug\link.3932-cvtres.read.1.tlog
C:\Users\khyeh\Desktop\Network Programming\Project3\resource\NP_hw3\Debug\link.3932-cvtres.write.1.tlog
C:\Users\khyeh\Desktop\Network Programming\Project3\resource\NP_hw3\Debug\link.3976.read.1.tlog
C:\Users\khyeh\Desktop\Network Programming\Project3\resource\NP_hw3\Debug\link.3976.write.1.tlog
C:\Users\khyeh\Desktop\Network Programming\Project3\resource\NP_hw3\Debug\link.3976-cvtres.read.1.tlog
C:\Users\khyeh\Desktop\Network Programming\Project3\resource\NP_hw3\Debug\link.3976-cvtres.write.1.tlog
C:\Users\khyeh\Desktop\Network Programming\Project3\resource\NP_hw3\Debug\link.4080.read.1.tlog
C:\Users\khyeh\Desktop\Network Programming\Project3\resource\NP_hw3\Debug\link.4080.write.1.tlog
C:\Users\khyeh\Desktop\Network Programming\Project3\resource\NP_hw3\Debug\link.4080-cvtres.read.1.tlog
C:\Users\khyeh\Desktop\Network Programming\Project3\resource\NP_hw3\Debug\link.4080-cvtres.write.1.tlog
C:\Users\khyeh\Desktop\Network Programming\Project3\resource\NP_hw3\Debug\link.4196.read.1.tlog
C:\Users\khyeh\Desktop\Network Programming\Project3\resource\NP_hw3\Debug\link.4196.write.1.tlog
C:\Users\khyeh\Desktop\Network Programming\Project3\resource\NP_hw3\Debug\link.4196-cvtres.read.1.tlog
C:\Users\khyeh\Desktop\Network Programming\Project3\resource\NP_hw3\Debug\link.4196-cvtres.write.1.tlog
C:\Users\khyeh\Desktop\Network Programming\Project3\resource\NP_hw3\Debug\link.4216.read.1.tlog
C:\Users\khyeh\Desktop\Network Programming\Project3\resource\NP_hw3\Debug\link.4216.write.1.tlog
C:\Users\khyeh\Desktop\Network Programming\Project3\resource\NP_hw3\Debug\link.4216-cvtres.read.1.tlog
C:\Users\khyeh\Desktop\Network Programming\Project3\resource\NP_hw3\Debug\link.4216-cvtres.write.1.tlog
C:\Users\khyeh\Desktop\Network Programming\Project3\resource\NP_hw3\Debug\link.4352.read.1.tlog
C:\Users\khyeh\Desktop\Network Programming\Project3\resource\NP_hw3\Debug\link.4352.write.1.tlog
C:\Users\khyeh\Desktop\Network Programming\Project3\resource\NP_hw3\Debug\link.4352-cvtres.read.1.tlog
C:\Users\khyeh\Desktop\Network Programming\Project3\resource\NP_hw3\Debug\link.4352-cvtres.write.1.tlog
C:\Users\khyeh\Desktop\Network Programming\Project3\resource\NP_hw3\Debug\link.4368.read.1.tlog
C:\Users\khyeh\Desktop\Network Programming\Project3\resource\NP_hw3\Debug\link.4368.write.1.tlog
C:\Users\khyeh\Desktop\Network Programming\Project3\resource\NP_hw3\Debug\link.4368-cvtres.read.1.tlog
C:\Users\khyeh\Desktop\Network Programming\Project3\resource\NP_hw3\Debug\link.4368-cvtres.write.1.tlog
C:\Users\khyeh\Desktop\Network Programming\Project3\resource\NP_hw3\Debug\link.4456.read.1.tlog
C:\Users\khyeh\Desktop\Network Programming\Project3\resource\NP_hw3\Debug\link.4456.write.1.tlog
C:\Users\khyeh\Desktop\Network Programming\Project3\resource\NP_hw3\Debug\link.4456-cvtres.read.1.tlog
C:\Users\khyeh\Desktop\Network Programming\Project3\resource\NP_hw3\Debug\link.4456-cvtres.write.1.tlog
C:\Users\khyeh\Desktop\Network Programming\Project3\resource\NP_hw3\Debug\link.4668.read.1.tlog
C:\Users\khyeh\Desktop\Network Programming\Project3\resource\NP_hw3\Debug\link.4668.write.1.tlog
C:\Users\khyeh\Desktop\Network Programming\Project3\resource\NP_hw3\Debug\link.4668-cvtres.read.1.tlog
C:\Users\khyeh\Desktop\Network Programming\Project3\resource\NP_hw3\Debug\link.4668-cvtres.write.1.tlog
C:\Users\khyeh\Desktop\Network Programming\Project3\resource\NP_hw3\Debug\link.4684.read.1.tlog
C:\Users\khyeh\Desktop\Network Programming\Project3\resource\NP_hw3\Debug\link.4684.write.1.tlog
C:\Users\khyeh\Desktop\Network Programming\Project3\resource\NP_hw3\Debug\link.4684-cvtres.read.1.tlog
C:\Users\khyeh\Desktop\Network Programming\Project3\resource\NP_hw3\Debug\link.4684-cvtres.write.1.tlog
C:\Users\khyeh\Desktop\Network Programming\Project3\resource\NP_hw3\Debug\link.4776.read.1.tlog
C:\Users\khyeh\Desktop\Network Programming\Project3\resource\NP_hw3\Debug\link.4776.write.1.tlog
C:\Users\khyeh\Desktop\Network Programming\Project3\resource\NP_hw3\Debug\link.4776-cvtres.read.1.tlog
C:\Users\khyeh\Desktop\Network Programming\Project3\resource\NP_hw3\Debug\link.4776-cvtres.write.1.tlog
C:\Users\khyeh\Desktop\Network Programming\Project3\resource\NP_hw3\Debug\link.4848.read.1.tlog
C:\Users\khyeh\Desktop\Network Programming\Project3\resource\NP_hw3\Debug\link.4848.write.1.tlog
C:\Users\khyeh\Desktop\Network Programming\Project3\resource\NP_hw3\Debug\link.4848-cvtres.read.1.tlog
C:\Users\khyeh\Desktop\Network Programming\Project3\resource\NP_hw3\Debug\link.4848-cvtres.write.1.tlog
C:\Users\khyeh\Desktop\Network Programming\Project3\resource\NP_hw3\Debug\link.5248.read.1.tlog
C:\Users\khyeh\Desktop\Network Programming\Project3\resource\NP_hw3\Debug\link.5248.write.1.tlog
C:\Users\khyeh\Desktop\Network Programming\Project3\resource\NP_hw3\Debug\link.5248-cvtres.read.1.tlog
C:\Users\khyeh\Desktop\Network Programming\Project3\resource\NP_hw3\Debug\link.5248-cvtres.write.1.tlog
C:\Users\khyeh\Desktop\Network Programming\Project3\resource\NP_hw3\Debug\link.5272.read.1.tlog
C:\Users\khyeh\Desktop\Network Programming\Project3\resource\NP_hw3\Debug\link.5272.write.1.tlog
C:\Users\khyeh\Desktop\Network Programming\Project3\resource\NP_hw3\Debug\link.5272-cvtres.read.1.tlog
C:\Users\khyeh\Desktop\Network Programming\Project3\resource\NP_hw3\Debug\link.5272-cvtres.write.1.tlog
C:\Users\khyeh\Desktop\Network Programming\Project3\resource\NP_hw3\Debug\link.5516.read.1.tlog
C:\Users\khyeh\Desktop\Network Programming\Project3\resource\NP_hw3\Debug\link.5516.write.1.tlog
C:\Users\khyeh\Desktop\Network Programming\Project3\resource\NP_hw3\Debug\link.5516-cvtres.read.1.tlog
C:\Users\khyeh\Desktop\Network Programming\Project3\resource\NP_hw3\Debug\link.5516-cvtres.write.1.tlog
C:\Users\khyeh\Desktop\Network Programming\Project3\resource\NP_hw3\Debug\link.5680.read.1.tlog
C:\Users\khyeh\Desktop\Network Programming\Project3\resource\NP_hw3\Debug\link.5680.write.1.tlog
C:\Users\khyeh\Desktop\Network Programming\Project3\resource\NP_hw3\Debug\link.5680-cvtres.read.1.tlog
C:\Users\khyeh\Desktop\Network Programming\Project3\resource\NP_hw3\Debug\link.5680-cvtres.write.1.tlog
C:\Users\khyeh\Desktop\Network Programming\Project3\resource\NP_hw3\Debug\link.5800.read.1.tlog
C:\Users\khyeh\Desktop\Network Programming\Project3\resource\NP_hw3\Debug\link.5800.write.1.tlog
C:\Users\khyeh\Desktop\Network Programming\Project3\resource\NP_hw3\Debug\link.5800-cvtres.read.1.tlog
C:\Users\khyeh\Desktop\Network Programming\Project3\resource\NP_hw3\Debug\link.5800-cvtres.write.1.tlog
C:\Users\khyeh\Desktop\Network Programming\Project3\resource\NP_hw3\Debug\link.5944.read.1.tlog
C:\Users\khyeh\Desktop\Network Programming\Project3\resource\NP_hw3\Debug\link.5944.write.1.tlog
C:\Users\khyeh\Desktop\Network Programming\Project3\resource\NP_hw3\Debug\link.5944-cvtres.read.1.tlog
C:\Users\khyeh\Desktop\Network Programming\Project3\resource\NP_hw3\Debug\link.5944-cvtres.write.1.tlog
C:\Users\khyeh\Desktop\Network Programming\Project3\resource\NP_hw3\Debug\link.6012.read.1.tlog
C:\Users\khyeh\Desktop\Network Programming\Project3\resource\NP_hw3\Debug\link.6012.write.1.tlog
C:\Users\khyeh\Desktop\Network Programming\Project3\resource\NP_hw3\Debug\link.6012-cvtres.read.1.tlog
C:\Users\khyeh\Desktop\Network Programming\Project3\resource\NP_hw3\Debug\link.6012-cvtres.write.1.tlog
C:\Users\khyeh\Desktop\Network Programming\Project3\resource\NP_hw3\Debug\link.6224.read.1.tlog
C:\Users\khyeh\Desktop\Network Programming\Project3\resource\NP_hw3\Debug\link.6224.write.1.tlog
C:\Users\khyeh\Desktop\Network Programming\Project3\resource\NP_hw3\Debug\link.6224-cvtres.read.1.tlog
C:\Users\khyeh\Desktop\Network Programming\Project3\resource\NP_hw3\Debug\link.6224-cvtres.write.1.tlog
C:\Users\khyeh\Desktop\Network Programming\Project3\resource\NP_hw3\Debug\link.624.read.1.tlog
C:\Users\khyeh\Desktop\Network Programming\Project3\resource\NP_hw3\Debug\link.624.write.1.tlog
C:\Users\khyeh\Desktop\Network Programming\Project3\resource\NP_hw3\Debug\link.6240.read.1.tlog
C:\Users\khyeh\Desktop\Network Programming\Project3\resource\NP_hw3\Debug\link.6240.write.1.tlog
C:\Users\khyeh\Desktop\Network Programming\Project3\resource\NP_hw3\Debug\link.6240-cvtres.read.1.tlog
C:\Users\khyeh\Desktop\Network Programming\Project3\resource\NP_hw3\Debug\link.6240-cvtres.write.1.tlog
C:\Users\khyeh\Desktop\Network Programming\Project3\resource\NP_hw3\Debug\link.624-cvtres.read.1.tlog
C:\Users\khyeh\Desktop\Network Programming\Project3\resource\NP_hw3\Debug\link.624-cvtres.write.1.tlog
C:\Users\khyeh\Desktop\Network Programming\Project3\resource\NP_hw3\Debug\link.6356.read.1.tlog
C:\Users\khyeh\Desktop\Network Programming\Project3\resource\NP_hw3\Debug\link.6356.write.1.tlog
C:\Users\khyeh\Desktop\Network Programming\Project3\resource\NP_hw3\Debug\link.6356-cvtres.read.1.tlog
C:\Users\khyeh\Desktop\Network Programming\Project3\resource\NP_hw3\Debug\link.6356-cvtres.write.1.tlog
C:\Users\khyeh\Desktop\Network Programming\Project3\resource\NP_hw3\Debug\link.6380.read.1.tlog
C:\Users\khyeh\Desktop\Network Programming\Project3\resource\NP_hw3\Debug\link.6380.write.1.tlog
C:\Users\khyeh\Desktop\Network Programming\Project3\resource\NP_hw3\Debug\link.6380-cvtres.read.1.tlog
C:\Users\khyeh\Desktop\Network Programming\Project3\resource\NP_hw3\Debug\link.6380-cvtres.write.1.tlog
C:\Users\khyeh\Desktop\Network Programming\Project3\resource\NP_hw3\Debug\link.6784.read.1.tlog
C:\Users\khyeh\Desktop\Network Programming\Project3\resource\NP_hw3\Debug\link.6784.write.1.tlog
C:\Users\khyeh\Desktop\Network Programming\Project3\resource\NP_hw3\Debug\link.6784-cvtres.read.1.tlog
C:\Users\khyeh\Desktop\Network Programming\Project3\resource\NP_hw3\Debug\link.6784-cvtres.write.1.tlog
C:\Users\khyeh\Desktop\Network Programming\Project3\resource\NP_hw3\Debug\link.6796.read.1.tlog
C:\Users\khyeh\Desktop\Network Programming\Project3\resource\NP_hw3\Debug\link.6796.write.1.tlog
C:\Users\khyeh\Desktop\Network Programming\Project3\resource\NP_hw3\Debug\link.6796-cvtres.read.1.tlog
C:\Users\khyeh\Desktop\Network Programming\Project3\resource\NP_hw3\Debug\link.6796-cvtres.write.1.tlog
C:\Users\khyeh\Desktop\Network Programming\Project3\resource\NP_hw3\Debug\link.6812.read.1.tlog
C:\Users\khyeh\Desktop\Network Programming\Project3\resource\NP_hw3\Debug\link.6812.write.1.tlog
C:\Users\khyeh\Desktop\Network Programming\Project3\resource\NP_hw3\Debug\link.6812-cvtres.read.1.tlog
C:\Users\khyeh\Desktop\Network Programming\Project3\resource\NP_hw3\Debug\link.6812-cvtres.write.1.tlog
C:\Users\khyeh\Desktop\Network Programming\Project3\resource\NP_hw3\Debug\link.command.1.tlog
C:\Users\khyeh\Desktop\Network Programming\Project3\resource\NP_hw3\Debug\link.read.1.tlog
C:\Users\khyeh\Desktop\Network Programming\Project3\resource\NP_hw3\Debug\link.write.1.tlog
C:\Users\khyeh\Desktop\Network Programming\Project3\resource\NP_hw3\Debug\link-cvtres.read.1.tlog
C:\Users\khyeh\Desktop\Network Programming\Project3\resource\NP_hw3\Debug\link-cvtres.write.1.tlog
C:\Users\khyeh\Desktop\Network Programming\Project3\resource\NP_hw3\Debug\mt.command.1.tlog
C:\Users\khyeh\Desktop\Network Programming\Project3\resource\NP_hw3\Debug\mt.read.1.tlog
C:\Users\khyeh\Desktop\Network Programming\Project3\resource\NP_hw3\Debug\mt.write.1.tlog
C:\USERS\KHYEH\DESKTOP\NETWORK PROGRAMMING\PROJECT3\RESOURCE\NP_HW3\DEBUG\NP_HW3.EXE
C:\Users\khyeh\Desktop\Network Programming\Project3\resource\NP_hw3\Debug\NP_hw3.exe.embed.manifest
C:\USERS\KHYEH\DESKTOP\NETWORK PROGRAMMING\PROJECT3\RESOURCE\NP_HW3\DEBUG\NP_HW3.EXE.EMBED.MANIFEST.RES
C:\USERS\KHYEH\DESKTOP\NETWORK PROGRAMMING\PROJECT3\RESOURCE\NP_HW3\DEBUG\NP_HW3.EXE.INTERMEDIATE.MANIFEST
C:\USERS\KHYEH\DESKTOP\NETWORK PROGRAMMING\PROJECT3\RESOURCE\NP_HW3\DEBUG\NP_HW3.ILK
C:\USERS\KHYEH\DESKTOP\NETWORK PROGRAMMING\PROJECT3\RESOURCE\NP_HW3\DEBUG\NP_HW3.OBJ
C:\USERS\KHYEH\DESKTOP\NETWORK PROGRAMMING\PROJECT3\RESOURCE\NP_HW3\DEBUG\NP_HW3.PDB
C:\USERS\KHYEH\DESKTOP\NETWORK PROGRAMMING\PROJECT3\RESOURCE\NP_HW3\DEBUG\NP_HW3.RES
C:\Users\khyeh\Desktop\Network Programming\Project3\resource\NP_hw3\Debug\NP_hw3.vcxprojResolveAssemblyReference.cache
C:\Users\khyeh\Desktop\Network Programming\Project3\resource\NP_hw3\Debug\NP_hw3.write.1.tlog
C:\Users\khyeh\Desktop\Network Programming\Project3\resource\NP_hw3\Debug\NP_hw3_manifest.rc
C:\Users\khyeh\Desktop\Network Programming\Project3\resource\NP_hw3\Debug\rc.command.1.tlog
C:\Users\khyeh\Desktop\Network Programming\Project3\resource\NP_hw3\Debug\rc.read.1.tlog
C:\Users\khyeh\Desktop\Network Programming\Project3\resource\NP_hw3\Debug\rc.write.1.tlog
C:\Users\khyeh\Desktop\Network Programming\Project3\resource\NP_hw3\Debug\vc100.idb
C:\USERS\KHYEH\DESKTOP\NETWORK PROGRAMMING\PROJECT3\RESOURCE\NP_HW3\DEBUG\VC100.PDB
C:\USERS\KHYEH\DESKTOP\RESOURCE\NP_HW3\DEBUG\NP_HW3.EXE
C:\USERS\KHYEH\DESKTOP\RESOURCE\NP_HW3\DEBUG\NP_HW3.EXE.EMBED.MANIFEST
C:\USERS\KHYEH\DESKTOP\RESOURCE\NP_HW3\DEBUG\NP_HW3.EXE.EMBED.MANIFEST.RES
C:\USERS\KHYEH\DESKTOP\RESOURCE\NP_HW3\DEBUG\NP_HW3.EXE.INTERMEDIATE.MANIFEST
C:\USERS\KHYEH\DESKTOP\RESOURCE\NP_HW3\DEBUG\NP_HW3.ILK
C:\USERS\KHYEH\DESKTOP\RESOURCE\NP_HW3\DEBUG\NP_HW3.OBJ
C:\USERS\KHYEH\DESKTOP\RESOURCE\NP_HW3\DEBUG\NP_HW3.PDB
C:\USERS\KHYEH\DESKTOP\RESOURCE\NP_HW3\DEBUG\NP_HW3.RES
C:\USERS\KHYEH\DESKTOP\RESOURCE\NP_HW3\DEBUG\VC100.PDB
Debug\NP_hw3.ilk
Debug\NP_hw3.pdb
